[0.651s] Invoking command in '/home/emred/turtlefollow_ws/src/turtlefollow': PYTHONPATH=/home/emred/turtlefollow_ws/build/turtlefollow/prefix_override:/usr/lib/python3/dist-packages/colcon_core/task/python/colcon_distutils_commands:/home/emred/turtlefollow_ws/install/turtlefollow/lib/python3.10/site-packages:${PYTHONPATH} /usr/bin/python3 -W ignore:setup.py install is deprecated -W ignore:easy_install command is deprecated setup.py egg_info --egg-base ../../build/turtlefollow build --build-base /home/emred/turtlefollow_ws/build/turtlefollow/build install --record /home/emred/turtlefollow_ws/build/turtlefollow/install.log --single-version-externally-managed install_data
[0.871s] running egg_info
[0.871s] writing ../../build/turtlefollow/turtlefollow.egg-info/PKG-INFO
[0.871s] writing dependency_links to ../../build/turtlefollow/turtlefollow.egg-info/dependency_links.txt
[0.872s] writing entry points to ../../build/turtlefollow/turtlefollow.egg-info/entry_points.txt
[0.872s] writing requirements to ../../build/turtlefollow/turtlefollow.egg-info/requires.txt
[0.872s] writing top-level names to ../../build/turtlefollow/turtlefollow.egg-info/top_level.txt
[0.874s] reading manifest file '../../build/turtlefollow/turtlefollow.egg-info/SOURCES.txt'
[0.875s] writing manifest file '../../build/turtlefollow/turtlefollow.egg-info/SOURCES.txt'
[0.875s] running build
[0.875s] running build_py
[0.876s] running install
[0.876s] running install_lib
[0.877s] running install_data
[0.877s] running install_egg_info
[0.878s] removing '/home/emred/turtlefollow_ws/install/turtlefollow/lib/python3.10/site-packages/turtlefollow-0.0.1-py3.10.egg-info' (and everything under it)
[0.878s] Copying ../../build/turtlefollow/turtlefollow.egg-info to /home/emred/turtlefollow_ws/install/turtlefollow/lib/python3.10/site-packages/turtlefollow-0.0.1-py3.10.egg-info
[0.879s] running install_scripts
[0.896s] Installing turtle_creation_service script to /home/emred/turtlefollow_ws/install/turtlefollow/lib/turtlefollow
[0.896s] Installing turtle_follow_service script to /home/emred/turtlefollow_ws/install/turtlefollow/lib/turtlefollow
[0.896s] writing list of installed files to '/home/emred/turtlefollow_ws/build/turtlefollow/install.log'
[0.930s] Invoked command in '/home/emred/turtlefollow_ws/src/turtlefollow' returned '0': PYTHONPATH=/home/emred/turtlefollow_ws/build/turtlefollow/prefix_override:/usr/lib/python3/dist-packages/colcon_core/task/python/colcon_distutils_commands:/home/emred/turtlefollow_ws/install/turtlefollow/lib/python3.10/site-packages:${PYTHONPATH} /usr/bin/python3 -W ignore:setup.py install is deprecated -W ignore:easy_install command is deprecated setup.py egg_info --egg-base ../../build/turtlefollow build --build-base /home/emred/turtlefollow_ws/build/turtlefollow/build install --record /home/emred/turtlefollow_ws/build/turtlefollow/install.log --single-version-externally-managed install_data
