[0.623s] Invoking command in '/home/emred/turtlefollow_ws/src/turtlefollow': PYTHONPATH=/home/emred/turtlefollow_ws/build/turtlefollow/prefix_override:/usr/lib/python3/dist-packages/colcon_core/task/python/colcon_distutils_commands:/home/emred/turtlefollow_ws/install/turtlefollow/lib/python3.10/site-packages:${PYTHONPATH} /usr/bin/python3 -W ignore:setup.py install is deprecated -W ignore:easy_install command is deprecated setup.py egg_info --egg-base ../../build/turtlefollow build --build-base /home/emred/turtlefollow_ws/build/turtlefollow/build install --record /home/emred/turtlefollow_ws/build/turtlefollow/install.log --single-version-externally-managed install_data
[0.852s] running egg_info
[0.853s] writing ../../build/turtlefollow/turtlefollow.egg-info/PKG-INFO
[0.853s] writing dependency_links to ../../build/turtlefollow/turtlefollow.egg-info/dependency_links.txt
[0.853s] writing entry points to ../../build/turtlefollow/turtlefollow.egg-info/entry_points.txt
[0.854s] writing requirements to ../../build/turtlefollow/turtlefollow.egg-info/requires.txt
[0.854s] writing top-level names to ../../build/turtlefollow/turtlefollow.egg-info/top_level.txt
[0.855s] reading manifest file '../../build/turtlefollow/turtlefollow.egg-info/SOURCES.txt'
[0.856s] writing manifest file '../../build/turtlefollow/turtlefollow.egg-info/SOURCES.txt'
[0.856s] running build
[0.856s] running build_py
[0.856s] copying turtlefollow/turtle_creation_service.py -> /home/emred/turtlefollow_ws/build/turtlefollow/build/lib/turtlefollow
[0.857s] running install
[0.857s] running install_lib
[0.857s] copying /home/emred/turtlefollow_ws/build/turtlefollow/build/lib/turtlefollow/turtle_creation_service.py -> /home/emred/turtlefollow_ws/install/turtlefollow/lib/python3.10/site-packages/turtlefollow
[0.858s] byte-compiling /home/emred/turtlefollow_ws/install/turtlefollow/lib/python3.10/site-packages/turtlefollow/turtle_creation_service.py to turtle_creation_service.cpython-310.pyc
[0.859s] running install_data
[0.859s] running install_egg_info
[0.860s] removing '/home/emred/turtlefollow_ws/install/turtlefollow/lib/python3.10/site-packages/turtlefollow-0.0.1-py3.10.egg-info' (and everything under it)
[0.861s] Copying ../../build/turtlefollow/turtlefollow.egg-info to /home/emred/turtlefollow_ws/install/turtlefollow/lib/python3.10/site-packages/turtlefollow-0.0.1-py3.10.egg-info
[0.861s] running install_scripts
[0.879s] Installing turtle_creation_service script to /home/emred/turtlefollow_ws/install/turtlefollow/lib/turtlefollow
[0.879s] Installing turtle_follow_service script to /home/emred/turtlefollow_ws/install/turtlefollow/lib/turtlefollow
[0.879s] writing list of installed files to '/home/emred/turtlefollow_ws/build/turtlefollow/install.log'
[0.915s] Invoked command in '/home/emred/turtlefollow_ws/src/turtlefollow' returned '0': PYTHONPATH=/home/emred/turtlefollow_ws/build/turtlefollow/prefix_override:/usr/lib/python3/dist-packages/colcon_core/task/python/colcon_distutils_commands:/home/emred/turtlefollow_ws/install/turtlefollow/lib/python3.10/site-packages:${PYTHONPATH} /usr/bin/python3 -W ignore:setup.py install is deprecated -W ignore:easy_install command is deprecated setup.py egg_info --egg-base ../../build/turtlefollow build --build-base /home/emred/turtlefollow_ws/build/turtlefollow/build install --record /home/emred/turtlefollow_ws/build/turtlefollow/install.log --single-version-externally-managed install_data
