[0.011s] Invoking command in '/home/emred/turtlefollow_ws/build/turtlefollow': /usr/bin/cmake /home/emred/turtlefollow_ws/src/turtlefollow -DCMAKE_INSTALL_PREFIX=/home/emred/turtlefollow_ws/install/turtlefollow
[0.070s] -- The C compiler identification is GNU 11.4.0
[0.136s] -- The CXX compiler identification is GNU 11.4.0
[0.144s] -- Detecting C compiler ABI info
[0.228s] -- Detecting C compiler ABI info - done
[0.234s] -- Check for working C compiler: /usr/bin/cc - skipped
[0.234s] -- Detecting C compile features
[0.235s] -- Detecting C compile features - done
[0.237s] -- Detecting CXX compiler ABI info
[0.333s] -- Detecting CXX compiler ABI info - done
[0.340s] -- Check for working CXX compiler: /usr/bin/c++ - skipped
[0.340s] -- Detecting CXX compile features
[0.341s] -- Detecting CXX compile features - done
[0.343s] -- Found ament_cmake: 1.3.11 (/opt/ros/humble/share/ament_cmake/cmake)
[0.486s] -- Found Python3: /usr/bin/python3 (found version "3.10.12") found components: Interpreter 
[0.570s] -- Found rclcpp: 16.0.11 (/opt/ros/humble/share/rclcpp/cmake)
[0.612s] -- Found rosidl_generator_c: 3.1.6 (/opt/ros/humble/share/rosidl_generator_c/cmake)
[0.617s] -- Found rosidl_adapter: 3.1.6 (/opt/ros/humble/share/rosidl_adapter/cmake)
[0.625s] -- Found rosidl_generator_cpp: 3.1.6 (/opt/ros/humble/share/rosidl_generator_cpp/cmake)
[0.637s] -- Using all available rosidl_typesupport_c: rosidl_typesupport_fastrtps_c;rosidl_typesupport_introspection_c
[0.652s] -- Using all available rosidl_typesupport_cpp: rosidl_typesupport_fastrtps_cpp;rosidl_typesupport_introspection_cpp
[0.694s] -- Found rmw_implementation_cmake: 6.1.2 (/opt/ros/humble/share/rmw_implementation_cmake/cmake)
[0.697s] -- Found rmw_fastrtps_cpp: 6.2.7 (/opt/ros/humble/share/rmw_fastrtps_cpp/cmake)
[0.856s] -- Found OpenSSL: /usr/lib/x86_64-linux-gnu/libcrypto.so (found version "3.0.2")  
[0.900s] -- Found FastRTPS: /opt/ros/humble/include  
[0.947s] -- Using RMW implementation 'rmw_fastrtps_cpp' as default
[0.956s] -- Looking for pthread.h
[1.041s] -- Looking for pthread.h - found
[1.041s] -- Performing Test CMAKE_HAVE_LIBC_PTHREAD
[1.121s] -- Performing Test CMAKE_HAVE_LIBC_PTHREAD - Success
[1.122s] -- Found Threads: TRUE  
[1.167s] -- Found geometry_msgs: 4.2.4 (/opt/ros/humble/share/geometry_msgs/cmake)
[1.179s] -- Found nav_msgs: 4.2.4 (/opt/ros/humble/share/nav_msgs/cmake)
[1.235s] Error parsing '/home/emred/turtlefollow_ws/src/turtlefollow/package.xml':
[1.271s] Traceback (most recent call last):
[1.271s]   File "/opt/ros/humble/share/ament_cmake_core/cmake/core/package_xml_2_cmake.py", line 150, in <module>
[1.271s]     main()
[1.271s]   File "/opt/ros/humble/share/ament_cmake_core/cmake/core/package_xml_2_cmake.py", line 53, in main
[1.271s]     raise e
[1.271s]   File "/opt/ros/humble/share/ament_cmake_core/cmake/core/package_xml_2_cmake.py", line 49, in main
[1.271s]     package = parse_package_string(
[1.271s]   File "/usr/lib/python3/dist-packages/catkin_pkg/package.py", line 786, in parse_package_string
[1.271s]     raise InvalidPackage('Error(s):%s' % (''.join(['\n- %s' % e for e in errors])), filename)
[1.271s] catkin_pkg.package.InvalidPackage: Error(s) in package '/home/emred/turtlefollow_ws/src/turtlefollow/package.xml':
[1.271s] Error(s):
[1.271s] - The generic dependency on 'rclcpp' is redundant with: build_depend, exec_depend
[1.271s] - The generic dependency on 'geometry_msgs' is redundant with: exec_depend
[1.271s] - The generic dependency on 'nav_msgs' is redundant with: exec_depend
[1.288s] [31mCMake Error at /opt/ros/humble/share/ament_cmake_core/cmake/core/ament_package_xml.cmake:95 (message):
[1.288s]   execute_process(/usr/bin/python3
[1.288s]   /opt/ros/humble/share/ament_cmake_core/cmake/core/package_xml_2_cmake.py
[1.289s]   /home/emred/turtlefollow_ws/src/turtlefollow/package.xml
[1.289s]   /home/emred/turtlefollow_ws/build/turtlefollow/ament_cmake_core/package.cmake)
[1.289s]   returned error code 1
[1.289s] Call Stack (most recent call first):
[1.289s]   /opt/ros/humble/share/ament_cmake_core/cmake/core/ament_package_xml.cmake:49 (_ament_package_xml)
[1.289s]   /opt/ros/humble/share/ament_cmake_core/cmake/core/ament_package.cmake:63 (ament_package_xml)
[1.289s]   CMakeLists.txt:19 (ament_package)
[1.289s] 
[1.289s] [0m
[1.289s] -- Configuring incomplete, errors occurred!
[1.289s] See also "/home/emred/turtlefollow_ws/build/turtlefollow/CMakeFiles/CMakeOutput.log".
[1.307s] Invoked command in '/home/emred/turtlefollow_ws/build/turtlefollow' returned '1': /usr/bin/cmake /home/emred/turtlefollow_ws/src/turtlefollow -DCMAKE_INSTALL_PREFIX=/home/emred/turtlefollow_ws/install/turtlefollow
