running egg_info
creating ../../build/turtlefollow/turtlefollow.egg-info
writing ../../build/turtlefollow/turtlefollow.egg-info/PKG-INFO
writing dependency_links to ../../build/turtlefollow/turtlefollow.egg-info/dependency_links.txt
writing entry points to ../../build/turtlefollow/turtlefollow.egg-info/entry_points.txt
writing requirements to ../../build/turtlefollow/turtlefollow.egg-info/requires.txt
writing top-level names to ../../build/turtlefollow/turtlefollow.egg-info/top_level.txt
writing manifest file '../../build/turtlefollow/turtlefollow.egg-info/SOURCES.txt'
reading manifest file '../../build/turtlefollow/turtlefollow.egg-info/SOURCES.txt'
writing manifest file '../../build/turtlefollow/turtlefollow.egg-info/SOURCES.txt'
running build
running build_py
creating /home/emred/turtlefollow_ws/build/turtlefollow/build
creating /home/emred/turtlefollow_ws/build/turtlefollow/build/lib
creating /home/emred/turtlefollow_ws/build/turtlefollow/build/lib/turtlefollow
copying turtlefollow/__init__.py -> /home/emred/turtlefollow_ws/build/turtlefollow/build/lib/turtlefollow
copying turtlefollow/turtle_follow_service.py -> /home/emred/turtlefollow_ws/build/turtlefollow/build/lib/turtlefollow
copying turtlefollow/turtle_creation_service.py -> /home/emred/turtlefollow_ws/build/turtlefollow/build/lib/turtlefollow
copying turtlefollow/create_turtles.py -> /home/emred/turtlefollow_ws/build/turtlefollow/build/lib/turtlefollow
running install
running install_lib
creating /home/emred/turtlefollow_ws/install/turtlefollow/lib/python3.10/site-packages/turtlefollow
copying /home/emred/turtlefollow_ws/build/turtlefollow/build/lib/turtlefollow/__init__.py -> /home/emred/turtlefollow_ws/install/turtlefollow/lib/python3.10/site-packages/turtlefollow
copying /home/emred/turtlefollow_ws/build/turtlefollow/build/lib/turtlefollow/turtle_follow_service.py -> /home/emred/turtlefollow_ws/install/turtlefollow/lib/python3.10/site-packages/turtlefollow
copying /home/emred/turtlefollow_ws/build/turtlefollow/build/lib/turtlefollow/turtle_creation_service.py -> /home/emred/turtlefollow_ws/install/turtlefollow/lib/python3.10/site-packages/turtlefollow
copying /home/emred/turtlefollow_ws/build/turtlefollow/build/lib/turtlefollow/create_turtles.py -> /home/emred/turtlefollow_ws/install/turtlefollow/lib/python3.10/site-packages/turtlefollow
byte-compiling /home/emred/turtlefollow_ws/install/turtlefollow/lib/python3.10/site-packages/turtlefollow/__init__.py to __init__.cpython-310.pyc
byte-compiling /home/emred/turtlefollow_ws/install/turtlefollow/lib/python3.10/site-packages/turtlefollow/turtle_follow_service.py to turtle_follow_service.cpython-310.pyc
byte-compiling /home/emred/turtlefollow_ws/install/turtlefollow/lib/python3.10/site-packages/turtlefollow/turtle_creation_service.py to turtle_creation_service.cpython-310.pyc
byte-compiling /home/emred/turtlefollow_ws/install/turtlefollow/lib/python3.10/site-packages/turtlefollow/create_turtles.py to create_turtles.cpython-310.pyc
running install_data
creating /home/emred/turtlefollow_ws/install/turtlefollow/share
creating /home/emred/turtlefollow_ws/install/turtlefollow/share/ament_index
creating /home/emred/turtlefollow_ws/install/turtlefollow/share/ament_index/resource_index
creating /home/emred/turtlefollow_ws/install/turtlefollow/share/ament_index/resource_index/packages
copying resource/turtlefollow -> /home/emred/turtlefollow_ws/install/turtlefollow/share/ament_index/resource_index/packages
creating /home/emred/turtlefollow_ws/install/turtlefollow/share/turtlefollow
copying package.xml -> /home/emred/turtlefollow_ws/install/turtlefollow/share/turtlefollow
running install_egg_info
Copying ../../build/turtlefollow/turtlefollow.egg-info to /home/emred/turtlefollow_ws/install/turtlefollow/lib/python3.10/site-packages/turtlefollow-0.0.1-py3.10.egg-info
running install_scripts
Installing turtle_creation_service script to /home/emred/turtlefollow_ws/install/turtlefollow/lib/turtlefollow
Installing turtle_follow_service script to /home/emred/turtlefollow_ws/install/turtlefollow/lib/turtlefollow
writing list of installed files to '/home/emred/turtlefollow_ws/build/turtlefollow/install.log'
