[0.088s] DEBUG:colcon:Command line arguments: ['/usr/bin/colcon', 'build']
[0.088s] DEBUG:colcon:Parsed command line arguments: Namespace(log_base=None, log_level=None, verb_name='build', build_base='build', install_base='install', merge_install=False, symlink_install=False, test_result_base=None, continue_on_error=False, executor='parallel', parallel_workers=16, event_handlers=None, ignore_user_meta=False, metas=['./colcon.meta'], base_paths=['.'], packages_ignore=None, packages_ignore_regex=None, paths=None, packages_up_to=None, packages_up_to_regex=None, packages_above=None, packages_above_and_dependencies=None, packages_above_depth=None, packages_select_by_dep=None, packages_skip_by_dep=None, packages_skip_up_to=None, packages_select_build_failed=False, packages_skip_build_finished=False, packages_select_test_failures=False, packages_skip_test_passed=False, packages_select=None, packages_skip=None, packages_select_regex=None, packages_skip_regex=None, packages_start=None, packages_end=None, allow_overriding=[], cmake_args=None, cmake_target=None, cmake_target_skip_unavailable=False, cmake_clean_cache=False, cmake_clean_first=False, cmake_force_configure=False, ament_cmake_args=None, catkin_cmake_args=None, catkin_skip_building_tests=False, mixin_files=None, mixin=None, verb_parser=<colcon_mixin.mixin.mixin_argument.MixinArgumentDecorator object at 0x72791b44c1f0>, verb_extension=<colcon_core.verb.build.BuildVerb object at 0x72791b41bcd0>, main=<bound method BuildVerb.main of <colcon_core.verb.build.BuildVerb object at 0x72791b41bcd0>>, mixin_verb=('build',))
[0.254s] Level 1:colcon.colcon_core.package_discovery:discover_packages(colcon_meta) check parameters
[0.254s] Level 1:colcon.colcon_core.package_discovery:discover_packages(recursive) check parameters
[0.254s] Level 1:colcon.colcon_core.package_discovery:discover_packages(ignore) check parameters
[0.254s] Level 1:colcon.colcon_core.package_discovery:discover_packages(path) check parameters
[0.254s] Level 1:colcon.colcon_core.package_discovery:discover_packages(colcon_meta) discover
[0.254s] Level 1:colcon.colcon_core.package_discovery:discover_packages(recursive) discover
[0.254s] INFO:colcon.colcon_core.package_discovery:Crawling recursively for packages in '/home/emred/turtlefollow_ws'
[0.254s] Level 1:colcon.colcon_core.package_identification:_identify(.) by extensions ['ignore', 'ignore_ament_install']
[0.254s] Level 1:colcon.colcon_core.package_identification:_identify(.) by extension 'ignore'
[0.255s] Level 1:colcon.colcon_core.package_identification:_identify(.) by extension 'ignore_ament_install'
[0.255s] Level 1:colcon.colcon_core.package_identification:_identify(.) by extensions ['colcon_pkg']
[0.255s] Level 1:colcon.colcon_core.package_identification:_identify(.) by extension 'colcon_pkg'
[0.255s] Level 1:colcon.colcon_core.package_identification:_identify(.) by extensions ['colcon_meta']
[0.255s] Level 1:colcon.colcon_core.package_identification:_identify(.) by extension 'colcon_meta'
[0.255s] Level 1:colcon.colcon_core.package_identification:_identify(.) by extensions ['ros']
[0.255s] Level 1:colcon.colcon_core.package_identification:_identify(.) by extension 'ros'
[0.275s] Level 1:colcon.colcon_core.package_identification:_identify(.) by extensions ['cmake', 'python']
[0.275s] Level 1:colcon.colcon_core.package_identification:_identify(.) by extension 'cmake'
[0.275s] Level 1:colcon.colcon_core.package_identification:_identify(.) by extension 'python'
[0.275s] Level 1:colcon.colcon_core.package_identification:_identify(.) by extensions ['python_setup_py']
[0.275s] Level 1:colcon.colcon_core.package_identification:_identify(.) by extension 'python_setup_py'
[0.275s] Level 1:colcon.colcon_core.package_identification:_identify(build) by extensions ['ignore', 'ignore_ament_install']
[0.275s] Level 1:colcon.colcon_core.package_identification:_identify(build) by extension 'ignore'
[0.275s] Level 1:colcon.colcon_core.package_identification:_identify(build) ignored
[0.276s] Level 1:colcon.colcon_core.package_identification:_identify(install) by extensions ['ignore', 'ignore_ament_install']
[0.276s] Level 1:colcon.colcon_core.package_identification:_identify(install) by extension 'ignore'
[0.276s] Level 1:colcon.colcon_core.package_identification:_identify(install) ignored
[0.276s] Level 1:colcon.colcon_core.package_identification:_identify(log) by extensions ['ignore', 'ignore_ament_install']
[0.276s] Level 1:colcon.colcon_core.package_identification:_identify(log) by extension 'ignore'
[0.276s] Level 1:colcon.colcon_core.package_identification:_identify(log) ignored
[0.276s] Level 1:colcon.colcon_core.package_identification:_identify(src) by extensions ['ignore', 'ignore_ament_install']
[0.276s] Level 1:colcon.colcon_core.package_identification:_identify(src) by extension 'ignore'
[0.276s] Level 1:colcon.colcon_core.package_identification:_identify(src) by extension 'ignore_ament_install'
[0.276s] Level 1:colcon.colcon_core.package_identification:_identify(src) by extensions ['colcon_pkg']
[0.276s] Level 1:colcon.colcon_core.package_identification:_identify(src) by extension 'colcon_pkg'
[0.276s] Level 1:colcon.colcon_core.package_identification:_identify(src) by extensions ['colcon_meta']
[0.276s] Level 1:colcon.colcon_core.package_identification:_identify(src) by extension 'colcon_meta'
[0.276s] Level 1:colcon.colcon_core.package_identification:_identify(src) by extensions ['ros']
[0.276s] Level 1:colcon.colcon_core.package_identification:_identify(src) by extension 'ros'
[0.276s] Level 1:colcon.colcon_core.package_identification:_identify(src) by extensions ['cmake', 'python']
[0.276s] Level 1:colcon.colcon_core.package_identification:_identify(src) by extension 'cmake'
[0.277s] Level 1:colcon.colcon_core.package_identification:_identify(src) by extension 'python'
[0.277s] Level 1:colcon.colcon_core.package_identification:_identify(src) by extensions ['python_setup_py']
[0.277s] Level 1:colcon.colcon_core.package_identification:_identify(src) by extension 'python_setup_py'
[0.277s] Level 1:colcon.colcon_core.package_identification:_identify(src/turtlefollow) by extensions ['ignore', 'ignore_ament_install']
[0.277s] Level 1:colcon.colcon_core.package_identification:_identify(src/turtlefollow) by extension 'ignore'
[0.277s] Level 1:colcon.colcon_core.package_identification:_identify(src/turtlefollow) by extension 'ignore_ament_install'
[0.277s] Level 1:colcon.colcon_core.package_identification:_identify(src/turtlefollow) by extensions ['colcon_pkg']
[0.277s] Level 1:colcon.colcon_core.package_identification:_identify(src/turtlefollow) by extension 'colcon_pkg'
[0.277s] Level 1:colcon.colcon_core.package_identification:_identify(src/turtlefollow) by extensions ['colcon_meta']
[0.277s] Level 1:colcon.colcon_core.package_identification:_identify(src/turtlefollow) by extension 'colcon_meta'
[0.277s] Level 1:colcon.colcon_core.package_identification:_identify(src/turtlefollow) by extensions ['ros']
[0.277s] Level 1:colcon.colcon_core.package_identification:_identify(src/turtlefollow) by extension 'ros'
[0.279s] DEBUG:colcon.colcon_core.package_identification:Failed to parse potential ROS package manifest in'src/turtlefollow': Error(s) in package 'src/turtlefollow/package.xml':
Package 'turtlefollow' must declare at least one maintainer
The package node must contain at least one "license" tag
The package "turtlefollow" must not "build_depend" on a package with the same name as this package
The package "turtlefollow" must not "exec_depend" on a package with the same name as this package
[0.279s] Level 1:colcon.colcon_core.package_identification:_identify(src/turtlefollow) by extensions ['cmake', 'python']
[0.279s] Level 1:colcon.colcon_core.package_identification:_identify(src/turtlefollow) by extension 'cmake'
[0.279s] Level 1:colcon.colcon_core.package_identification:_identify(src/turtlefollow) by extension 'python'
[0.279s] DEBUG:colcon.colcon_core.package_identification:Python package in 'src/turtlefollow' passes arguments to the setup() function which requires a different identification extension than 'python'
[0.279s] Level 1:colcon.colcon_core.package_identification:_identify(src/turtlefollow) by extensions ['python_setup_py']
[0.279s] Level 1:colcon.colcon_core.package_identification:_identify(src/turtlefollow) by extension 'python_setup_py'
[0.533s] DEBUG:colcon.colcon_core.package_identification:Package 'src/turtlefollow' with type 'python' and name 'turtlefollow'
[0.533s] Level 1:colcon.colcon_core.package_discovery:discover_packages(recursive) using defaults
[0.533s] Level 1:colcon.colcon_core.package_discovery:discover_packages(ignore) discover
[0.533s] Level 1:colcon.colcon_core.package_discovery:discover_packages(ignore) using defaults
[0.533s] Level 1:colcon.colcon_core.package_discovery:discover_packages(path) discover
[0.533s] Level 1:colcon.colcon_core.package_discovery:discover_packages(path) using defaults
[0.550s] Level 1:colcon.colcon_core.package_discovery:discover_packages(prefix_path) check parameters
[0.550s] Level 1:colcon.colcon_core.package_discovery:discover_packages(prefix_path) discover
[0.551s] DEBUG:colcon.colcon_installed_package_information.package_discovery:Found 1 installed packages in /home/emred/turtlefollow_ws/install
[0.553s] DEBUG:colcon.colcon_installed_package_information.package_discovery:Found 457 installed packages in /opt/ros/humble
[0.556s] Level 1:colcon.colcon_core.package_discovery:discover_packages(prefix_path) using defaults
[0.600s] Level 5:colcon.colcon_core.verb:set package 'turtlefollow' build argument 'cmake_args' from command line to 'None'
[0.600s] Level 5:colcon.colcon_core.verb:set package 'turtlefollow' build argument 'cmake_target' from command line to 'None'
[0.600s] Level 5:colcon.colcon_core.verb:set package 'turtlefollow' build argument 'cmake_target_skip_unavailable' from command line to 'False'
[0.600s] Level 5:colcon.colcon_core.verb:set package 'turtlefollow' build argument 'cmake_clean_cache' from command line to 'False'
[0.600s] Level 5:colcon.colcon_core.verb:set package 'turtlefollow' build argument 'cmake_clean_first' from command line to 'False'
[0.600s] Level 5:colcon.colcon_core.verb:set package 'turtlefollow' build argument 'cmake_force_configure' from command line to 'False'
[0.600s] Level 5:colcon.colcon_core.verb:set package 'turtlefollow' build argument 'ament_cmake_args' from command line to 'None'
[0.600s] Level 5:colcon.colcon_core.verb:set package 'turtlefollow' build argument 'catkin_cmake_args' from command line to 'None'
[0.600s] Level 5:colcon.colcon_core.verb:set package 'turtlefollow' build argument 'catkin_skip_building_tests' from command line to 'False'
[0.600s] DEBUG:colcon.colcon_core.verb:Building package 'turtlefollow' with the following arguments: {'ament_cmake_args': None, 'build_base': '/home/emred/turtlefollow_ws/build/turtlefollow', 'catkin_cmake_args': None, 'catkin_skip_building_tests': False, 'cmake_args': None, 'cmake_clean_cache': False, 'cmake_clean_first': False, 'cmake_force_configure': False, 'cmake_target': None, 'cmake_target_skip_unavailable': False, 'install_base': '/home/emred/turtlefollow_ws/install/turtlefollow', 'merge_install': False, 'path': '/home/emred/turtlefollow_ws/src/turtlefollow', 'symlink_install': False, 'test_result_base': None}
[0.600s] INFO:colcon.colcon_core.executor:Executing jobs using 'parallel' executor
[0.601s] DEBUG:colcon.colcon_parallel_executor.executor.parallel:run_until_complete
[0.601s] INFO:colcon.colcon_core.task.python.build:Building Python package in '/home/emred/turtlefollow_ws/src/turtlefollow'
[0.603s] INFO:colcon.colcon_core.plugin_system:Skipping extension 'colcon_core.shell.bat': Not used on non-Windows systems
[0.603s] INFO:colcon.colcon_core.shell:Skip shell extension 'powershell' for command environment: Not usable outside of PowerShell
[0.603s] DEBUG:colcon.colcon_core.shell:Skip shell extension 'dsv' for command environment
[1.224s] DEBUG:colcon.colcon_core.event_handler.log_command:Invoking command in '/home/emred/turtlefollow_ws/src/turtlefollow': PYTHONPATH=/home/emred/turtlefollow_ws/build/turtlefollow/prefix_override:/usr/lib/python3/dist-packages/colcon_core/task/python/colcon_distutils_commands:/home/emred/turtlefollow_ws/install/turtlefollow/lib/python3.10/site-packages:${PYTHONPATH} /usr/bin/python3 -W ignore:setup.py install is deprecated -W ignore:easy_install command is deprecated setup.py egg_info --egg-base ../../build/turtlefollow build --build-base /home/emred/turtlefollow_ws/build/turtlefollow/build install --record /home/emred/turtlefollow_ws/build/turtlefollow/install.log --single-version-externally-managed install_data
[1.512s] DEBUG:colcon.colcon_core.event_handler.log_command:Invoked command in '/home/emred/turtlefollow_ws/src/turtlefollow' returned '0': PYTHONPATH=/home/emred/turtlefollow_ws/build/turtlefollow/prefix_override:/usr/lib/python3/dist-packages/colcon_core/task/python/colcon_distutils_commands:/home/emred/turtlefollow_ws/install/turtlefollow/lib/python3.10/site-packages:${PYTHONPATH} /usr/bin/python3 -W ignore:setup.py install is deprecated -W ignore:easy_install command is deprecated setup.py egg_info --egg-base ../../build/turtlefollow build --build-base /home/emred/turtlefollow_ws/build/turtlefollow/build install --record /home/emred/turtlefollow_ws/build/turtlefollow/install.log --single-version-externally-managed install_data
[1.516s] Level 1:colcon.colcon_core.environment:checking '/home/emred/turtlefollow_ws/install/turtlefollow' for CMake module files
[1.516s] Level 1:colcon.colcon_core.environment:checking '/home/emred/turtlefollow_ws/install/turtlefollow' for CMake config files
[1.517s] Level 1:colcon.colcon_core.environment:checking '/home/emred/turtlefollow_ws/install/turtlefollow/lib'
[1.518s] Level 1:colcon.colcon_core.environment:checking '/home/emred/turtlefollow_ws/install/turtlefollow/bin'
[1.518s] Level 1:colcon.colcon_core.environment:checking '/home/emred/turtlefollow_ws/install/turtlefollow/lib/pkgconfig/turtlefollow.pc'
[1.518s] Level 1:colcon.colcon_core.environment:checking '/home/emred/turtlefollow_ws/install/turtlefollow/lib/python3.10/site-packages'
[1.518s] Level 1:colcon.colcon_core.shell:create_environment_hook('turtlefollow', 'pythonpath')
[1.519s] INFO:colcon.colcon_core.shell:Creating environment hook '/home/emred/turtlefollow_ws/install/turtlefollow/share/turtlefollow/hook/pythonpath.ps1'
[1.520s] INFO:colcon.colcon_core.shell:Creating environment descriptor '/home/emred/turtlefollow_ws/install/turtlefollow/share/turtlefollow/hook/pythonpath.dsv'
[1.520s] INFO:colcon.colcon_core.shell:Creating environment hook '/home/emred/turtlefollow_ws/install/turtlefollow/share/turtlefollow/hook/pythonpath.sh'
[1.522s] Level 1:colcon.colcon_core.environment:checking '/home/emred/turtlefollow_ws/install/turtlefollow/bin'
[1.522s] Level 1:colcon.colcon_core.environment:create_environment_scripts_only(turtlefollow)
[1.522s] INFO:colcon.colcon_core.shell:Creating package script '/home/emred/turtlefollow_ws/install/turtlefollow/share/turtlefollow/package.ps1'
[1.523s] INFO:colcon.colcon_core.shell:Creating package descriptor '/home/emred/turtlefollow_ws/install/turtlefollow/share/turtlefollow/package.dsv'
[1.524s] INFO:colcon.colcon_core.shell:Creating package script '/home/emred/turtlefollow_ws/install/turtlefollow/share/turtlefollow/package.sh'
[1.525s] INFO:colcon.colcon_core.shell:Creating package script '/home/emred/turtlefollow_ws/install/turtlefollow/share/turtlefollow/package.bash'
[1.527s] INFO:colcon.colcon_core.shell:Creating package script '/home/emred/turtlefollow_ws/install/turtlefollow/share/turtlefollow/package.zsh'
[1.528s] Level 1:colcon.colcon_core.environment:create_file_with_runtime_dependencies(/home/emred/turtlefollow_ws/install/turtlefollow/share/colcon-core/packages/turtlefollow)
[1.528s] DEBUG:colcon.colcon_parallel_executor.executor.parallel:closing loop
[1.529s] DEBUG:colcon.colcon_parallel_executor.executor.parallel:loop closed
[1.529s] DEBUG:colcon.colcon_parallel_executor.executor.parallel:run_until_complete finished with '0'
[1.529s] DEBUG:colcon.colcon_core.event_reactor:joining thread
[1.537s] INFO:colcon.colcon_core.plugin_system:Skipping extension 'colcon_notification.desktop_notification.terminal_notifier': Not used on non-Darwin systems
[1.537s] INFO:colcon.colcon_core.plugin_system:Skipping extension 'colcon_notification.desktop_notification.win32': Not used on non-Windows systems
[1.537s] INFO:colcon.colcon_notification.desktop_notification:Sending desktop notification using 'notify2'
[1.560s] DEBUG:colcon.colcon_core.event_reactor:joined thread
[1.561s] INFO:colcon.colcon_core.shell:Creating prefix script '/home/emred/turtlefollow_ws/install/local_setup.ps1'
[1.562s] INFO:colcon.colcon_core.shell:Creating prefix util module '/home/emred/turtlefollow_ws/install/_local_setup_util_ps1.py'
[1.565s] INFO:colcon.colcon_core.shell:Creating prefix chain script '/home/emred/turtlefollow_ws/install/setup.ps1'
[1.567s] INFO:colcon.colcon_core.shell:Creating prefix script '/home/emred/turtlefollow_ws/install/local_setup.sh'
[1.567s] INFO:colcon.colcon_core.shell:Creating prefix util module '/home/emred/turtlefollow_ws/install/_local_setup_util_sh.py'
[1.568s] INFO:colcon.colcon_core.shell:Creating prefix chain script '/home/emred/turtlefollow_ws/install/setup.sh'
[1.570s] INFO:colcon.colcon_core.shell:Creating prefix script '/home/emred/turtlefollow_ws/install/local_setup.bash'
[1.571s] INFO:colcon.colcon_core.shell:Creating prefix chain script '/home/emred/turtlefollow_ws/install/setup.bash'
[1.573s] INFO:colcon.colcon_core.shell:Creating prefix script '/home/emred/turtlefollow_ws/install/local_setup.zsh'
[1.573s] INFO:colcon.colcon_core.shell:Creating prefix chain script '/home/emred/turtlefollow_ws/install/setup.zsh'
